<?xml version="1.0" encoding="UTF-8"?>
<!-- Generated by org.testng.reporters.JUnitReportReporter -->
<testsuite hostname="DESKTOP-G2CBKNR" failures="0" tests="1" name="com.knila.test.Test" time="50.395" errors="0" timestamp="2023-03-04T16:56:03 IST" skipped="0">
  <testcase classname="com.knila.test.Test" name="purchaseTest" time="50.395"/>
  <system-out/>
</testsuite> <!-- com.knila.test.Test -->
