<?xml version="1.0" encoding="UTF-8"?>
<!-- Generated by org.testng.reporters.JUnitReportReporter -->
<testsuite hostname="DESKTOP-G2CBKNR" failures="0" tests="1" name="com.numadic.test.Test" time="15.916" errors="0" timestamp="2023-02-24T13:04:32 IST" skipped="0">
  <testcase classname="com.numadic.test.Test" name="purchaseTest" time="15.916"/>
  <system-out/>
</testsuite> <!-- com.numadic.test.Test -->
